<?xml version="1.0" encoding="UTF-8"?>
<!-- Generated by org.testng.reporters.JUnitXMLReporter -->
<testsuite hostname="DESKTOP-HM5G61C" ignored="0" name="Test" tests="4" failures="0" timestamp="17 Sep 2019 21:47:28 GMT" time="0.048" errors="0">
  <testcase name="runData" time="0.004" classname="com.test.basic.Annotaitions"/>
  <testcase name="runData" time="0.0" classname="com.test.basic.Annotaitions"/>
  <testcase name="run1" time="0.002" classname="com.test.basic.Annotaitions"/>
  <testcase name="run2" time="0.001" classname="com.test.basic.Annotaitions"/>
</testsuite> <!-- Test -->
